<?xml version="1.0" encoding="utf-8"?><testsuites name="pytest tests"><testsuite name="pytest" errors="0" failures="0" skipped="0" tests="13" time="1.944" timestamp="2026-07-30T20:29:53.685321+00:00" hostname="agent-env-295a0812-56cc-46af-9a29-85c1f14f34ef"><testcase classname="tests.test_iter9.TestAdminAnalytics" name="test_unauthed_returns_401" time="0.199" /><testcase classname="tests.test_iter9.TestStarAPI" name="test_unauthed_star_returns_401" time="0.172" /><testcase classname="tests.test_iter9.TestStarAPI" name="test_star_missing_design_returns_404" time="0.132" /><testcase classname="tests.test_iter9.TestAdminAnalytics" name="test_default_days_30" time="0.198" /><testcase classname="tests.test_iter9.TestStarAPI" name="test_star_idempotent" time="0.278" /><testcase classname="tests.test_iter9.TestAdminAnalytics" name="test_days_7" time="0.138" /><testcase classname="tests.test_iter9.TestAdminAnalytics" name="test_days_90" time="0.112" /><testcase classname="tests.test_iter9.TestStarAPI" name="test_my_starred_list" time="0.115" /><testcase classname="tests.test_iter9.TestAdminAnalytics" name="test_invalid_days_rejected" time="0.141" /><testcase classname="tests.test_iter9.TestStarAPI" name="test_community_top_public" time="0.151" /><testcase classname="tests.test_iter9.TestStarAPI" name="test_unstar_removes" time="0.171" /><testcase classname="tests.test_iter9.TestStarAPI" name="test_unauthed_starred_list_401" time="0.134" /><testcase classname="tests.test_iter9.TestStarAPI" name="test_designs_starred_no_longer_shadowed" time="0.116" /></testsuite></testsuites>