<?xml version="1.0" encoding="utf-8"?><testsuites name="pytest tests"><testsuite name="pytest" errors="0" failures="0" skipped="0" tests="49" time="54.963" timestamp="2026-07-30T19:48:56.736053+00:00" hostname="agent-env-295a0812-56cc-46af-9a29-85c1f14f34ef"><testcase classname="tests.test_iter5.TestOrderCheckoutFixed" name="test_fixed_uses_product_price" time="1.070" /><testcase classname="tests.test_iter5.TestOrderStatusUpdate" name="test_bad_status_400" time="1.512" /><testcase classname="tests.test_iter5.TestOrderCheckoutFixed" name="test_fixed_qty_2_multiplies" time="0.446" /><testcase classname="tests.test_iter5.TestOrderStatusUpdate" name="test_unknown_order_404" time="0.098" /><testcase classname="tests.test_iter5.TestOrderCheckoutFixed" name="test_quote_mode_recomputes" time="0.964" /><testcase classname="tests.test_iter5.TestOrderStatusUpdate" name="test_requires_auth" time="0.375" /><testcase classname="tests.test_iter5.TestOrderStatusUpdate" name="test_timeline_grows_per_call" time="0.497" /><testcase classname="tests.test_iter5.TestOrderCheckoutFixed" name="test_quote_mismatch_rejected" time="0.113" /><testcase classname="tests.test_iter5.TestOrderStatusUpdate" name="test_shipped_inserts_receipt_queued" time="0.101" /><testcase classname="tests.test_iter5.TestOrderStatusUpdate" name="test_cancelled_accepted" time="0.601" /><testcase classname="tests.test_iter5.TestOrderCheckoutFixed" name="test_bad_product_404" time="0.102" /><testcase classname="tests.test_bulk.TestBulkImport" name="test_unauth_401" time="0.313" /><testcase classname="tests.test_bulk.TestBulkImport" name="test_bulk_import_ok" time="0.247" /><testcase classname="tests.test_restock.TestRestockSubscribe" name="test_subscribe_valid" time="0.128" /><testcase classname="tests.test_bulk.TestBulkImport" name="test_invalid_category_row_reported" time="0.177" /><testcase classname="tests.test_restock.TestRestockSubscribe" name="test_invalid_email" time="0.105" /><testcase classname="tests.test_restock.TestRestockSubscribe" name="test_missing_material" time="0.125" /><testcase classname="tests.test_bulk.TestBulkImport" name="test_missing_required_columns_400" time="0.184" /><testcase classname="tests.test_restock.TestRestockSubscribe" name="test_idempotent_upsert" time="0.249" /><testcase classname="tests.test_bulk.TestBulkImport" name="test_non_csv_400" time="0.116" /><testcase classname="tests.test_iter5.TestBulkCSVAllActions" name="test_all_actions_flow" time="0.841" /><testcase classname="tests.test_iter5.TestShippingCarriers" name="test_12_carriers_returned" time="0.101" /><testcase classname="tests.test_iter5.TestShippingCarriers" name="test_carrier_codes_spot_check" time="0.121" /><testcase classname="tests.test_iter5.TestShippingCarriers" name="test_carrier_shape" time="0.111" /><testcase classname="tests.test_iter6.TestShippingTrim" name="test_get_carriers_exactly_12_and_correct" time="0.186" /><testcase classname="tests.test_iter6.TestShippingTrim" name="test_post_quotes_returns_exactly_12" time="0.134" /><testcase classname="tests.test_iter6.TestShippingTrim" name="test_no_forbidden_carriers_in_quotes" time="0.122" /><testcase classname="tests.test_restock.TestRestockNotify" name="test_unauth_401" time="0.129" /><testcase classname="tests.test_iter5.TestBulkCSVAllActions" name="test_template_contains_create_update_archive" time="0.111" /><testcase classname="tests.test_iter5.TestBulkCSVAllActions" name="test_bulk_requires_auth" time="0.104" /><testcase classname="tests.test_restock.TestRestockNotify" name="test_notify_matches_and_queues" time="0.289" /><testcase classname="tests.test_iter5.TestListMyOrders" name="test_orders_requires_auth" time="0.099" /><testcase classname="tests.test_restock.TestRestockNotify" name="test_notify_empty_colours_matches_any" time="0.461" /><testcase classname="tests.test_iter5.TestListMyOrders" name="test_matches_user_id_and_customer_email" time="1.643" /><testcase classname="tests.test_iter5.TestReceiptsPipeline" name="test_donation_receipt_queued" time="1.084" /><testcase classname="tests.test_iter5.TestRestockStats" name="test_stats_requires_auth" time="0.175" /><testcase classname="tests.test_iter5.TestReceiptsPipeline" name="test_print_order_receipt_queued" time="0.912" /><testcase classname="tests.test_iter5.TestRestockStats" name="test_stats_returns_material_breakdown" time="0.761" /><testcase classname="tests.test_iter6.TestToolsGatingBackend" name="test_products_default_hides_archived" time="0.138" /><testcase classname="tests.test_restock.TestRestockSubscriptionsList" name="test_unauth_401" time="0.140" /><testcase classname="tests.test_iter6.TestToolsGatingBackend" name="test_supporters_emails_endpoint" time="0.166" /><testcase classname="tests.test_restock.TestRestockSubscriptionsList" name="test_auth_returns_list" time="12.363" /><testcase classname="tests.test_supporter_emails.TestSupporterEmails" name="test_shape" time="15.112" /><testcase classname="tests.test_iter5.TestExternalSearch" name="test_voronoi_returns_18_sources" time="7.355" /><testcase classname="tests.test_supporter_emails.TestSupporterEmails" name="test_seeded_email_via_webhook" time="30.926" /><testcase classname="tests.test_iter5.TestProductsArchive" name="test_default_hides_archived" time="12.647" /><testcase classname="tests.test_iter5.TestSupporterEmails" name="test_returns_lowercased_list" time="0.138" /><testcase classname="tests.test_iter5.TestOrderCheckoutAuthed" name="test_authed_sets_user_id" time="0.577" /><testcase classname="tests.test_bulk.TestBulkTemplate" name="test_template_csv" time="0.121" /></testsuite></testsuites>