<?xml version="1.0" encoding="utf-8"?><testsuites name="pytest tests"><testsuite name="pytest" errors="0" failures="3" skipped="0" tests="13" time="1.903" timestamp="2026-07-30T20:27:17.021739+00:00" hostname="agent-env-295a0812-56cc-46af-9a29-85c1f14f34ef"><testcase classname="tests.test_iter9.TestAdminAnalytics" name="test_unauthed_returns_401" time="0.161" /><testcase classname="tests.test_iter9.TestStarAPI" name="test_unauthed_star_returns_401" time="0.164" /><testcase classname="tests.test_iter9.TestStarAPI" name="test_star_missing_design_returns_404" time="0.101" /><testcase classname="tests.test_iter9.TestAdminAnalytics" name="test_default_days_30" time="0.138"><failure message="AssertionError: Internal Server Error&#10;assert 500 == 200&#10; +  where 500 = &lt;Response [500]&gt;.status_code">backend/tests/test_iter9.py:109: in test_default_days_30
    assert r.status_code == 200, r.text
E   AssertionError: Internal Server Error
E   assert 500 == 200
E    +  where 500 = &lt;Response [500]&gt;.status_code</failure></testcase><testcase classname="tests.test_iter9.TestStarAPI" name="test_star_idempotent" time="0.299" /><testcase classname="tests.test_iter9.TestAdminAnalytics" name="test_days_7" time="0.155"><failure message="assert 500 == 200&#10; +  where 500 = &lt;Response [500]&gt;.status_code">backend/tests/test_iter9.py:124: in test_days_7
    assert r.status_code == 200
E   assert 500 == 200
E    +  where 500 = &lt;Response [500]&gt;.status_code</failure></testcase><testcase classname="tests.test_iter9.TestAdminAnalytics" name="test_days_90" time="0.122"><failure message="assert 500 == 200&#10; +  where 500 = &lt;Response [500]&gt;.status_code">backend/tests/test_iter9.py:129: in test_days_90
    assert r.status_code == 200
E   assert 500 == 200
E    +  where 500 = &lt;Response [500]&gt;.status_code</failure></testcase><testcase classname="tests.test_iter9.TestStarAPI" name="test_my_starred_list" time="0.132" /><testcase classname="tests.test_iter9.TestAdminAnalytics" name="test_invalid_days_rejected" time="0.147" /><testcase classname="tests.test_iter9.TestStarAPI" name="test_community_top_public" time="0.108" /><testcase classname="tests.test_iter9.TestStarAPI" name="test_unstar_removes" time="0.110" /><testcase classname="tests.test_iter9.TestStarAPI" name="test_unauthed_starred_list_401" time="0.133" /><testcase classname="tests.test_iter9.TestStarAPI" name="test_designs_starred_no_longer_shadowed" time="0.107" /></testsuite></testsuites>