<?xml version="1.0" encoding="utf-8"?><testsuites name="pytest tests"><testsuite name="pytest" errors="0" failures="0" skipped="0" tests="19" time="5.793" timestamp="2026-07-30T18:00:44.052775+00:00" hostname="agent-env-295a0812-56cc-46af-9a29-85c1f14f34ef"><testcase classname="tests.test_donations.TestDonateCheckoutCustom" name="test_custom_valid_250" time="0.700" /><testcase classname="tests.test_donations.TestRegressions" name="test_products" time="0.151" /><testcase classname="tests.test_donations.TestRegressions" name="test_categories" time="0.544" /><testcase classname="tests.test_donations.TestRegressions" name="test_shipping_quotes" time="0.116" /><testcase classname="tests.test_donations.TestDonateCheckoutCustom" name="test_custom_below_min_50" time="0.155" /><testcase classname="tests.test_donations.TestRegressions" name="test_filament_stock" time="0.124" /><testcase classname="tests.test_donations.TestDonateCheckoutCustom" name="test_custom_above_max_60000" time="0.144" /><testcase classname="tests.test_donations.TestRegressions" name="test_filament_store_link" time="0.110" /><testcase classname="tests.test_donations.TestDonateCheckoutCustom" name="test_missing_all" time="0.130" /><testcase classname="tests.test_donations.TestRegressions" name="test_external_search_marketplace_wording" time="0.125" /><testcase classname="tests.test_donations.TestDonateCheckoutPresets" name="test_preset[tip_3-300]" time="0.967" /><testcase classname="tests.test_donations.TestWebhookAndSupporters" name="test_webhook_marks_paid_and_writes_supporter" time="1.522" /><testcase classname="tests.test_donations.TestDonateCheckoutPresets" name="test_preset[tip_5-500]" time="0.554" /><testcase classname="tests.test_donations.TestDonateCheckoutPresets" name="test_preset[tip_10-1000]" time="0.868" /><testcase classname="tests.test_donations.TestWebhookAndSupporters" name="test_webhook_idempotent" time="1.469" /><testcase classname="tests.test_donations.TestDonateStatus" name="test_unknown_404" time="0.196" /><testcase classname="tests.test_donations.TestDonateStatus" name="test_pending_after_create" time="0.682" /><testcase classname="tests.test_donations.TestWebhookAndSupporters" name="test_anonymous_supporter_has_blank_name" time="0.745" /><testcase classname="tests.test_donations.TestDonateAnonymousMetadata" name="test_no_name_becomes_anonymous" time="0.398" /></testsuite></testsuites>