<?xml version="1.0" encoding="utf-8"?><testsuites name="pytest tests"><testsuite name="pytest" errors="0" failures="0" skipped="0" tests="49" time="39.448" timestamp="2026-07-30T19:42:51.657776+00:00" hostname="agent-env-295a0812-56cc-46af-9a29-85c1f14f34ef"><testcase classname="tests.test_iter5.TestOrderCheckoutFixed" name="test_fixed_uses_product_price" time="0.880" /><testcase classname="tests.test_iter5.TestOrderCheckoutFixed" name="test_fixed_qty_2_multiplies" time="0.667" /><testcase classname="tests.test_iter5.TestOrderCheckoutFixed" name="test_quote_mode_recomputes" time="0.916" /><testcase classname="tests.test_iter5.TestOrderStatusUpdate" name="test_bad_status_400" time="2.087" /><testcase classname="tests.test_iter5.TestOrderStatusUpdate" name="test_unknown_order_404" time="0.375" /><testcase classname="tests.test_iter5.TestOrderStatusUpdate" name="test_requires_auth" time="0.123" /><testcase classname="tests.test_iter5.TestOrderCheckoutFixed" name="test_quote_mismatch_rejected" time="0.113" /><testcase classname="tests.test_iter5.TestOrderCheckoutFixed" name="test_bad_product_404" time="0.106" /><testcase classname="tests.test_iter5.TestOrderStatusUpdate" name="test_timeline_grows_per_call" time="0.287" /><testcase classname="tests.test_bulk.TestBulkImport" name="test_unauth_401" time="0.125" /><testcase classname="tests.test_bulk.TestBulkImport" name="test_bulk_import_ok" time="0.261" /><testcase classname="tests.test_iter5.TestOrderStatusUpdate" name="test_shipped_inserts_receipt_queued" time="0.108" /><testcase classname="tests.test_iter5.TestOrderStatusUpdate" name="test_cancelled_accepted" time="0.515" /><testcase classname="tests.test_bulk.TestBulkImport" name="test_invalid_category_row_reported" time="0.310" /><testcase classname="tests.test_bulk.TestBulkImport" name="test_missing_required_columns_400" time="0.114" /><testcase classname="tests.test_bulk.TestBulkImport" name="test_non_csv_400" time="0.130" /><testcase classname="tests.test_restock.TestRestockSubscribe" name="test_subscribe_valid" time="0.110" /><testcase classname="tests.test_restock.TestRestockSubscribe" name="test_invalid_email" time="0.110" /><testcase classname="tests.test_iter5.TestShippingCarriers" name="test_12_carriers_returned" time="0.115" /><testcase classname="tests.test_restock.TestRestockSubscribe" name="test_missing_material" time="0.112" /><testcase classname="tests.test_iter5.TestShippingCarriers" name="test_carrier_codes_spot_check" time="0.144" /><testcase classname="tests.test_restock.TestRestockSubscribe" name="test_idempotent_upsert" time="0.277" /><testcase classname="tests.test_iter5.TestShippingCarriers" name="test_carrier_shape" time="0.134" /><testcase classname="tests.test_iter6.TestShippingTrim" name="test_get_carriers_exactly_12_and_correct" time="0.174" /><testcase classname="tests.test_iter5.TestBulkCSVAllActions" name="test_all_actions_flow" time="0.754" /><testcase classname="tests.test_iter6.TestShippingTrim" name="test_post_quotes_returns_exactly_12" time="0.110" /><testcase classname="tests.test_iter6.TestShippingTrim" name="test_no_forbidden_carriers_in_quotes" time="0.107" /><testcase classname="tests.test_restock.TestRestockNotify" name="test_unauth_401" time="0.103" /><testcase classname="tests.test_restock.TestRestockNotify" name="test_notify_matches_and_queues" time="0.225" /><testcase classname="tests.test_restock.TestRestockNotify" name="test_notify_empty_colours_matches_any" time="0.246" /><testcase classname="tests.test_iter5.TestBulkCSVAllActions" name="test_template_contains_create_update_archive" time="0.106" /><testcase classname="tests.test_iter5.TestBulkCSVAllActions" name="test_bulk_requires_auth" time="0.119" /><testcase classname="tests.test_iter5.TestListMyOrders" name="test_orders_requires_auth" time="0.143" /><testcase classname="tests.test_iter5.TestReceiptsPipeline" name="test_donation_receipt_queued" time="30.655" /><testcase classname="tests.test_iter5.TestListMyOrders" name="test_matches_user_id_and_customer_email" time="31.876" /><testcase classname="tests.test_iter5.TestReceiptsPipeline" name="test_print_order_receipt_queued" time="1.282" /><testcase classname="tests.test_iter5.TestRestockStats" name="test_stats_requires_auth" time="0.126" /><testcase classname="tests.test_iter6.TestToolsGatingBackend" name="test_products_default_hides_archived" time="0.106" /><testcase classname="tests.test_iter6.TestToolsGatingBackend" name="test_supporters_emails_endpoint" time="0.126" /><testcase classname="tests.test_iter5.TestRestockStats" name="test_stats_returns_material_breakdown" time="0.255" /><testcase classname="tests.test_supporter_emails.TestSupporterEmails" name="test_shape" time="0.105" /><testcase classname="tests.test_supporter_emails.TestSupporterEmails" name="test_seeded_email_via_webhook" time="0.796" /><testcase classname="tests.test_restock.TestRestockSubscriptionsList" name="test_unauth_401" time="0.431" /><testcase classname="tests.test_restock.TestRestockSubscriptionsList" name="test_auth_returns_list" time="0.221" /><testcase classname="tests.test_iter5.TestOrderCheckoutAuthed" name="test_authed_sets_user_id" time="0.615" /><testcase classname="tests.test_iter5.TestExternalSearch" name="test_voronoi_returns_18_sources" time="0.102" /><testcase classname="tests.test_iter5.TestProductsArchive" name="test_default_hides_archived" time="0.487" /><testcase classname="tests.test_iter5.TestSupporterEmails" name="test_returns_lowercased_list" time="0.139" /><testcase classname="tests.test_bulk.TestBulkTemplate" name="test_template_csv" time="0.117" /></testsuite></testsuites>