<?xml version="1.0" encoding="utf-8"?><testsuites name="pytest tests"><testsuite name="pytest" errors="0" failures="0" skipped="0" tests="24" time="5.147" timestamp="2026-07-30T18:35:18.486901+00:00" hostname="agent-env-295a0812-56cc-46af-9a29-85c1f14f34ef"><testcase classname="tests.test_bulk.TestBulkImport" name="test_unauth_401" time="0.153" /><testcase classname="tests.test_bulk.TestBulkImport" name="test_bulk_import_ok" time="0.893" /><testcase classname="tests.test_orders.TestOrdersCheckout" name="test_checkout_success" time="1.001" /><testcase classname="tests.test_orders.TestOrdersCheckout" name="test_bad_product_404" time="0.128" /><testcase classname="tests.test_bulk.TestBulkImport" name="test_invalid_category_row_reported" time="0.137" /><testcase classname="tests.test_orders.TestOrdersCheckout" name="test_zero_quote_400" time="0.113" /><testcase classname="tests.test_bulk.TestBulkImport" name="test_missing_required_columns_400" time="0.110" /><testcase classname="tests.test_orders.TestOrdersCheckout" name="test_negative_quote_400" time="0.112" /><testcase classname="tests.test_bulk.TestBulkImport" name="test_non_csv_400" time="0.154" /><testcase classname="tests.test_restock.TestRestockSubscribe" name="test_subscribe_valid" time="0.180" /><testcase classname="tests.test_restock.TestRestockSubscribe" name="test_invalid_email" time="0.109" /><testcase classname="tests.test_orders.TestOrderStatus" name="test_pending_after_create" time="0.882" /><testcase classname="tests.test_restock.TestRestockSubscribe" name="test_missing_material" time="0.464" /><testcase classname="tests.test_restock.TestRestockSubscribe" name="test_idempotent_upsert" time="0.338" /><testcase classname="tests.test_orders.TestOrderStatus" name="test_unknown_404" time="0.116" /><testcase classname="tests.test_orders.TestOrderStatus" name="test_webhook_flips_print_order_to_paid" time="1.037" /><testcase classname="tests.test_restock.TestRestockNotify" name="test_unauth_401" time="0.110" /><testcase classname="tests.test_restock.TestRestockNotify" name="test_notify_matches_and_queues" time="0.513" /><testcase classname="tests.test_restock.TestRestockNotify" name="test_notify_empty_colours_matches_any" time="0.242" /><testcase classname="tests.test_supporter_emails.TestSupporterEmails" name="test_shape" time="0.100" /><testcase classname="tests.test_supporter_emails.TestSupporterEmails" name="test_seeded_email_via_webhook" time="0.833" /><testcase classname="tests.test_restock.TestRestockSubscriptionsList" name="test_unauth_401" time="0.368" /><testcase classname="tests.test_restock.TestRestockSubscriptionsList" name="test_auth_returns_list" time="0.116" /><testcase classname="tests.test_bulk.TestBulkTemplate" name="test_template_csv" time="0.136" /></testsuite></testsuites>