<?xml version="1.0" encoding="utf-8"?><testsuites name="pytest tests"><testsuite name="pytest" errors="0" failures="0" skipped="0" tests="4" time="1.171" timestamp="2026-07-30T20:29:47.050311+00:00" hostname="agent-env-295a0812-56cc-46af-9a29-85c1f14f34ef"><testcase classname="tests.test_iter11_analytics" name="test_analytics_unauthed_returns_401" time="0.273" /><testcase classname="tests.test_iter11_analytics" name="test_analytics_authed_returns_200_with_tz_naive_row" time="0.132" /><testcase classname="tests.test_iter11_analytics" name="test_analytics_window_7" time="0.118" /><testcase classname="tests.test_iter11_analytics" name="test_analytics_window_90" time="0.110" /></testsuite></testsuites>