<?xml version="1.0" encoding="utf-8"?><testsuites name="pytest tests"><testsuite name="pytest" errors="2" failures="2" skipped="0" tests="46" time="9.425" timestamp="2026-07-30T19:41:48.971472+00:00" hostname="agent-env-295a0812-56cc-46af-9a29-85c1f14f34ef"><testcase classname="" name="tests.test_donations" time="0.000"><error message="collection failure">E   AttributeError: 'NoneType' object has no attribute 'rstrip'</error><error message="collection failure">E   AttributeError: 'NoneType' object has no attribute 'rstrip'</error></testcase><testcase classname="tests.test_iter5.TestOrderCheckoutFixed" name="test_fixed_uses_product_price" time="1.187" /><testcase classname="tests.test_iter5.TestOrderCheckoutFixed" name="test_fixed_qty_2_multiplies" time="0.534" /><testcase classname="tests.test_iter5.TestOrderStatusUpdate" name="test_bad_status_400" time="1.308" /><testcase classname="tests.test_iter5.TestOrderStatusUpdate" name="test_unknown_order_404" time="0.403" /><testcase classname="tests.test_iter5.TestOrderStatusUpdate" name="test_requires_auth" time="0.463" /><testcase classname="tests.test_iter5.TestOrderCheckoutFixed" name="test_quote_mode_recomputes" time="0.972" /><testcase classname="tests.test_iter5.TestOrderStatusUpdate" name="test_timeline_grows_per_call" time="0.647" /><testcase classname="tests.test_iter5.TestOrderCheckoutFixed" name="test_quote_mismatch_rejected" time="0.159" /><testcase classname="tests.test_iter5.TestOrderStatusUpdate" name="test_shipped_inserts_receipt_queued" time="0.119" /><testcase classname="tests.test_iter5.TestOrderCheckoutFixed" name="test_bad_product_404" time="0.121" /><testcase classname="tests.test_iter5.TestOrderStatusUpdate" name="test_cancelled_accepted" time="0.536" /><testcase classname="tests.test_bulk.TestBulkImport" name="test_unauth_401" time="0.360" /><testcase classname="tests.test_bulk.TestBulkImport" name="test_bulk_import_ok" time="0.216" /><testcase classname="tests.test_restock.TestRestockSubscribe" name="test_subscribe_valid" time="0.125" /><testcase classname="tests.test_bulk.TestBulkImport" name="test_invalid_category_row_reported" time="0.115" /><testcase classname="tests.test_restock.TestRestockSubscribe" name="test_invalid_email" time="0.096" /><testcase classname="tests.test_bulk.TestBulkImport" name="test_missing_required_columns_400" time="0.126" /><testcase classname="tests.test_restock.TestRestockSubscribe" name="test_missing_material" time="0.146" /><testcase classname="tests.test_bulk.TestBulkImport" name="test_non_csv_400" time="0.107" /><testcase classname="tests.test_restock.TestRestockSubscribe" name="test_idempotent_upsert" time="0.277" /><testcase classname="tests.test_iter5.TestShippingCarriers" name="test_28_carriers_returned" time="0.126"><failure message="AssertionError: Expected 28 carriers, got 12&#10;assert 12 == 28&#10; +  where 12 = len([{'carrier_code': 'eco_pickup', 'carrier_name': 'Store Pickup', 'logo_label': 'PU', 'logo_bg': '#22C55E', ...}, {'carrier_code': 'usps_ground', 'carrier_name': 'USPS Ground Advantage', 'logo_label': 'USPS', 'logo_bg': '#004B87', ...}, {'carrier_code': 'ups_ground', 'carrier_name': 'UPS Ground', 'logo_label': 'UPS', 'logo_bg': '#5B3A1F', ...}, {'carrier_code': 'fedex_home', 'carrier_name': 'FedEx Home Delivery', 'logo_label': 'FDX', 'logo_bg': '#4D148C', ...}, {'carrier_code': 'usps_priority', 'carrier_name': 'USPS Priority Mail', 'logo_label': 'USPS', 'logo_bg': '#004B87', ...}, {'carrier_code': 'dhl_ecommerce', 'carrier_name': 'DHL eCommerce', 'logo_label': 'DHL', 'logo_bg': '#D40511', ...}, ...])">E   AssertionError: Expected 28 carriers, got 12
    assert 12 == 28
     +  where 12 = len([{'carrier_code': 'eco_pickup', 'carrier_name': 'Store Pickup', 'logo_label': 'PU', 'logo_bg': '#22C55E', ...}, {'carrier_code': 'usps_ground', 'carrier_name': 'USPS Ground Advantage', 'logo_label': 'USPS', 'logo_bg': '#004B87', ...}, {'carrier_code': 'ups_ground', 'carrier_name': 'UPS Ground', 'logo_label': 'UPS', 'logo_bg': '#5B3A1F', ...}, {'carrier_code': 'fedex_home', 'carrier_name': 'FedEx Home Delivery', 'logo_label': 'FDX', 'logo_bg': '#4D148C', ...}, {'carrier_code': 'usps_priority', 'carrier_name': 'USPS Priority Mail', 'logo_label': 'USPS', 'logo_bg': '#004B87', ...}, {'carrier_code': 'dhl_ecommerce', 'carrier_name': 'DHL eCommerce', 'logo_label': 'DHL', 'logo_bg': '#D40511', ...}, ...])</failure></testcase><testcase classname="tests.test_iter5.TestShippingCarriers" name="test_carrier_codes_spot_check" time="0.110"><failure message="AssertionError: Missing expected carriers: {'purolator', 'yamato', 'japan_post', 'evri_uk', 'royal_mail', 'amazon_shipping', 'ontrac', 'aramex', 'bike_courier', 'canada_post', 'lasership'}&#10;assert not {'amazon_shipping', 'aramex', 'bike_courier', 'canada_post', 'evri_uk', 'japan_post', ...}">E   AssertionError: Missing expected carriers: {'purolator', 'yamato', 'japan_post', 'evri_uk', 'royal_mail', 'amazon_shipping', 'ontrac', 'aramex', 'bike_courier', 'canada_post', 'lasership'}
    assert not {'amazon_shipping', 'aramex', 'bike_courier', 'canada_post', 'evri_uk', 'japan_post', ...}</failure></testcase><testcase classname="tests.test_iter5.TestBulkCSVAllActions" name="test_all_actions_flow" time="0.775" /><testcase classname="tests.test_iter5.TestShippingCarriers" name="test_carrier_shape" time="0.103" /><testcase classname="tests.test_restock.TestRestockNotify" name="test_unauth_401" time="0.161" /><testcase classname="tests.test_restock.TestRestockNotify" name="test_notify_matches_and_queues" time="0.242" /><testcase classname="tests.test_restock.TestRestockNotify" name="test_notify_empty_colours_matches_any" time="0.245" /><testcase classname="tests.test_iter5.TestListMyOrders" name="test_orders_requires_auth" time="0.169" /><testcase classname="tests.test_iter5.TestBulkCSVAllActions" name="test_template_contains_create_update_archive" time="0.104" /><testcase classname="tests.test_iter5.TestBulkCSVAllActions" name="test_bulk_requires_auth" time="0.124" /><testcase classname="tests.test_iter5.TestRestockStats" name="test_stats_requires_auth" time="0.112" /><testcase classname="tests.test_iter5.TestListMyOrders" name="test_matches_user_id_and_customer_email" time="1.239" /><testcase classname="tests.test_iter5.TestRestockStats" name="test_stats_returns_material_breakdown" time="0.448" /><testcase classname="tests.test_restock.TestRestockSubscriptionsList" name="test_unauth_401" time="0.491" /><testcase classname="tests.test_restock.TestRestockSubscriptionsList" name="test_auth_returns_list" time="0.178" /><testcase classname="tests.test_iter5.TestReceiptsPipeline" name="test_donation_receipt_queued" time="1.023" /><testcase classname="tests.test_supporter_emails.TestSupporterEmails" name="test_shape" time="0.369" /><testcase classname="tests.test_supporter_emails.TestSupporterEmails" name="test_seeded_email_via_webhook" time="1.002" /><testcase classname="tests.test_iter5.TestReceiptsPipeline" name="test_print_order_receipt_queued" time="0.640" /><testcase classname="tests.test_iter5.TestProductsArchive" name="test_default_hides_archived" time="0.344" /><testcase classname="tests.test_iter5.TestExternalSearch" name="test_voronoi_returns_18_sources" time="0.096" /><testcase classname="tests.test_iter5.TestSupporterEmails" name="test_returns_lowercased_list" time="0.107" /><testcase classname="tests.test_iter5.TestOrderCheckoutAuthed" name="test_authed_sets_user_id" time="0.562" /><testcase classname="tests.test_bulk.TestBulkTemplate" name="test_template_csv" time="0.101" /></testsuite></testsuites>