<?xml version="1.0" encoding="utf-8"?><testsuites name="pytest tests"><testsuite name="pytest" errors="2" failures="3" skipped="14" tests="91" time="11.795" timestamp="2026-07-30T20:21:51.371659+00:00" hostname="agent-env-295a0812-56cc-46af-9a29-85c1f14f34ef"><testcase classname="" name="tests.test_donations" time="0.000"><error message="collection failure">E   AttributeError: 'NoneType' object has no attribute 'rstrip'</error><error message="collection failure">E   AttributeError: 'NoneType' object has no attribute 'rstrip'</error></testcase><testcase classname="tests.test_iter9.TestStarAPI" name="test_unauthed_star_returns_401" time="0.178" /><testcase classname="tests.test_iter2.TestQuote" name="test_quote_hi_pla" time="0.275" /><testcase classname="tests.test_iter9.TestStarAPI" name="test_star_missing_design_returns_404" time="0.172" /><testcase classname="tests.test_iter2.TestQuote" name="test_quality_scaling" time="0.267" /><testcase classname="tests.test_iter9.TestStarAPI" name="test_star_idempotent" time="0.243" /><testcase classname="tests.test_iter2.TestQuote" name="test_nozzle_scaling" time="0.267" /><testcase classname="tests.test_iter9.TestStarAPI" name="test_my_starred_list" time="0.152" /><testcase classname="tests.test_iter9.TestStarAPI" name="test_community_top_public" time="0.145" /><testcase classname="tests.test_iter2.TestQuote" name="test_color_scaling" time="0.301" /><testcase classname="tests.test_iter9.TestStarAPI" name="test_unstar_removes" time="0.171" /><testcase classname="tests.test_iter9.TestStarAPI" name="test_unauthed_starred_list_401" time="0.125" /><testcase classname="tests.test_iter2.TestQuote" name="test_bulk_discount" time="0.405" /><testcase classname="tests.test_iter9.TestStarAPI" name="test_designs_starred_no_longer_shadowed" time="0.115" /><testcase classname="tests.test_iter2.TestChatMessages" name="test_empty_400" time="0.000"><skipped type="pytest.skip" message="No TEST_TOKEN">/app/backend/tests/test_iter2.py:122: No TEST_TOKEN</skipped></testcase><testcase classname="tests.test_iter2.TestChatMessages" name="test_send_spanish" time="0.000"><skipped type="pytest.skip" message="No TEST_TOKEN">/app/backend/tests/test_iter2.py:126: No TEST_TOKEN</skipped></testcase><testcase classname="tests.test_iter2.TestChatMessages" name="test_send_english" time="0.000"><skipped type="pytest.skip" message="No TEST_TOKEN">/app/backend/tests/test_iter2.py:140: No TEST_TOKEN</skipped></testcase><testcase classname="tests.test_iter2.TestChatMessages" name="test_history" time="0.000"><skipped type="pytest.skip" message="No TEST_TOKEN">/app/backend/tests/test_iter2.py:150: No TEST_TOKEN</skipped></testcase><testcase classname="tests.test_iter2.TestChatMessages" name="test_history_since" time="0.000"><skipped type="pytest.skip" message="No TEST_TOKEN">/app/backend/tests/test_iter2.py:158: No TEST_TOKEN</skipped></testcase><testcase classname="tests.test_iter2.TestChatMessages" name="test_rooms_forbidden" time="0.000"><skipped type="pytest.skip" message="No TEST_TOKEN">/app/backend/tests/test_iter2.py:164: No TEST_TOKEN</skipped></testcase><testcase classname="tests.test_iter2.TestQuote" name="test_unknown_product_404" time="0.604" /><testcase classname="tests.test_iter5.TestOrderStatusUpdate" name="test_bad_status_400" time="0.909" /><testcase classname="tests.test_iter2.TestQuote" name="test_no_product_weight_only" time="0.114" /><testcase classname="tests.test_iter5.TestOrderStatusUpdate" name="test_unknown_order_404" time="0.120" /><testcase classname="tests.test_bulk.TestBulkImport" name="test_unauth_401" time="0.129" /><testcase classname="tests.test_iter5.TestOrderStatusUpdate" name="test_requires_auth" time="0.102" /><testcase classname="tests.test_bulk.TestBulkImport" name="test_bulk_import_ok" time="0.315" /><testcase classname="tests.test_iter5.TestOrderStatusUpdate" name="test_timeline_grows_per_call" time="0.285" /><testcase classname="tests.test_bulk.TestBulkImport" name="test_invalid_category_row_reported" time="0.110" /><testcase classname="tests.test_iter5.TestOrderStatusUpdate" name="test_shipped_inserts_receipt_queued" time="0.125" /><testcase classname="tests.test_bulk.TestBulkImport" name="test_missing_required_columns_400" time="0.128" /><testcase classname="tests.test_iter5.TestOrderStatusUpdate" name="test_cancelled_accepted" time="0.743" /><testcase classname="tests.test_bulk.TestBulkImport" name="test_non_csv_400" time="0.329" /><testcase classname="tests.test_iter9.TestAdminAnalytics" name="test_unauthed_returns_401" time="0.121" /><testcase classname="tests.test_iter9.TestAdminAnalytics" name="test_default_days_30" time="0.114"><failure message="AssertionError: Internal Server Error&#10;assert 500 == 200&#10; +  where 500 = &lt;Response [500]&gt;.status_code">E   AssertionError: Internal Server Error
    assert 500 == 200
     +  where 500 = &lt;Response [500]&gt;.status_code</failure></testcase><testcase classname="tests.test_iter9.TestAdminAnalytics" name="test_days_7" time="0.135"><failure message="assert 500 == 200&#10; +  where 500 = &lt;Response [500]&gt;.status_code">E   assert 500 == 200
     +  where 500 = &lt;Response [500]&gt;.status_code</failure></testcase><testcase classname="tests.test_iter5.TestOrderCheckoutFixed" name="test_fixed_uses_product_price" time="0.552" /><testcase classname="tests.test_iter9.TestAdminAnalytics" name="test_days_90" time="0.505"><failure message="assert 500 == 200&#10; +  where 500 = &lt;Response [500]&gt;.status_code">E   assert 500 == 200
     +  where 500 = &lt;Response [500]&gt;.status_code</failure></testcase><testcase classname="tests.test_iter9.TestAdminAnalytics" name="test_invalid_days_rejected" time="0.101" /><testcase classname="tests.test_iter5.TestOrderCheckoutFixed" name="test_fixed_qty_2_multiplies" time="0.412" /><testcase classname="tests.test_iter2.TestRegressions" name="test_products_list" time="0.338" /><testcase classname="tests.test_iter5.TestOrderCheckoutFixed" name="test_quote_mode_recomputes" time="0.792" /><testcase classname="tests.test_iter2.TestRegressions" name="test_search_external" time="0.382" /><testcase classname="tests.test_iter2.TestRegressions" name="test_wishlist_toggle" time="0.000"><skipped type="pytest.skip" message="No TEST_TOKEN">/app/backend/tests/test_iter2.py:179: No TEST_TOKEN</skipped></testcase><testcase classname="tests.test_iter2.TestRegressions" name="test_create_order_no_file" time="0.520" /><testcase classname="tests.test_iter5.TestOrderCheckoutFixed" name="test_quote_mismatch_rejected" time="0.154" /><testcase classname="tests.test_orders.TestOrdersCheckout" name="test_checkout_success" time="0.000"><skipped type="pytest.skip" message="Superseded by test_iter5.py after iter5 introduced server-verified quote — see /app/backend/tests/test_iter5.py">/app/backend/tests/test_orders.py:23: Superseded by test_iter5.py after iter5 introduced server-verified quote — see /app/backend/tests/test_iter5.py</skipped></testcase><testcase classname="tests.test_orders.TestOrdersCheckout" name="test_bad_product_404" time="0.001"><skipped type="pytest.skip" message="Superseded by test_iter5.py after iter5 introduced server-verified quote — see /app/backend/tests/test_iter5.py">/app/backend/tests/test_orders.py:57: Superseded by test_iter5.py after iter5 introduced server-verified quote — see /app/backend/tests/test_iter5.py</skipped></testcase><testcase classname="tests.test_orders.TestOrdersCheckout" name="test_zero_quote_400" time="0.000"><skipped type="pytest.skip" message="Superseded by test_iter5.py after iter5 introduced server-verified quote — see /app/backend/tests/test_iter5.py">/app/backend/tests/test_orders.py:66: Superseded by test_iter5.py after iter5 introduced server-verified quote — see /app/backend/tests/test_iter5.py</skipped></testcase><testcase classname="tests.test_orders.TestOrdersCheckout" name="test_negative_quote_400" time="0.000"><skipped type="pytest.skip" message="Superseded by test_iter5.py after iter5 introduced server-verified quote — see /app/backend/tests/test_iter5.py">/app/backend/tests/test_orders.py:75: Superseded by test_iter5.py after iter5 introduced server-verified quote — see /app/backend/tests/test_iter5.py</skipped></testcase><testcase classname="tests.test_iter5.TestShippingCarriers" name="test_12_carriers_returned" time="0.106" /><testcase classname="tests.test_iter5.TestOrderCheckoutFixed" name="test_bad_product_404" time="0.126" /><testcase classname="tests.test_iter5.TestShippingCarriers" name="test_carrier_codes_spot_check" time="0.110" /><testcase classname="tests.test_restock.TestRestockSubscribe" name="test_subscribe_valid" time="0.116" /><testcase classname="tests.test_iter5.TestShippingCarriers" name="test_carrier_shape" time="0.127" /><testcase classname="tests.test_restock.TestRestockSubscribe" name="test_invalid_email" time="0.126" /><testcase classname="tests.test_iter5.TestBulkCSVAllActions" name="test_all_actions_flow" time="0.957" /><testcase classname="tests.test_restock.TestRestockSubscribe" name="test_missing_material" time="0.110" /><testcase classname="tests.test_restock.TestRestockSubscribe" name="test_idempotent_upsert" time="0.231" /><testcase classname="tests.test_iter6.TestShippingTrim" name="test_get_carriers_exactly_12_and_correct" time="0.103" /><testcase classname="tests.test_iter6.TestShippingTrim" name="test_post_quotes_returns_exactly_12" time="0.159" /><testcase classname="tests.test_iter6.TestShippingTrim" name="test_no_forbidden_carriers_in_quotes" time="0.142" /><testcase classname="tests.test_orders.TestOrderStatus" name="test_pending_after_create" time="0.000"><skipped type="pytest.skip" message="Superseded by test_iter5.py after iter5 introduced server-verified quote — see /app/backend/tests/test_iter5.py">/app/backend/tests/test_orders.py:86: Superseded by test_iter5.py after iter5 introduced server-verified quote — see /app/backend/tests/test_iter5.py</skipped></testcase><testcase classname="tests.test_orders.TestOrderStatus" name="test_unknown_404" time="0.000"><skipped type="pytest.skip" message="Superseded by test_iter5.py after iter5 introduced server-verified quote — see /app/backend/tests/test_iter5.py">/app/backend/tests/test_orders.py:103: Superseded by test_iter5.py after iter5 introduced server-verified quote — see /app/backend/tests/test_iter5.py</skipped></testcase><testcase classname="tests.test_orders.TestOrderStatus" name="test_webhook_flips_print_order_to_paid" time="0.000"><skipped type="pytest.skip" message="Superseded by test_iter5.py after iter5 introduced server-verified quote — see /app/backend/tests/test_iter5.py">/app/backend/tests/test_orders.py:107: Superseded by test_iter5.py after iter5 introduced server-verified quote — see /app/backend/tests/test_iter5.py</skipped></testcase><testcase classname="tests.test_restock.TestRestockNotify" name="test_unauth_401" time="0.119" /><testcase classname="tests.test_restock.TestRestockNotify" name="test_notify_matches_and_queues" time="0.260" /><testcase classname="tests.test_iter5.TestBulkCSVAllActions" name="test_template_contains_create_update_archive" time="0.168" /><testcase classname="tests.test_iter5.TestBulkCSVAllActions" name="test_bulk_requires_auth" time="0.123" /><testcase classname="tests.test_restock.TestRestockNotify" name="test_notify_empty_colours_matches_any" time="0.599" /><testcase classname="tests.test_iter5.TestReceiptsPipeline" name="test_donation_receipt_queued" time="0.788" /><testcase classname="tests.test_iter5.TestListMyOrders" name="test_orders_requires_auth" time="0.101" /><testcase classname="tests.test_iter5.TestListMyOrders" name="test_matches_user_id_and_customer_email" time="1.326" /><testcase classname="tests.test_iter5.TestReceiptsPipeline" name="test_print_order_receipt_queued" time="1.461" /><testcase classname="tests.test_iter6.TestToolsGatingBackend" name="test_products_default_hides_archived" time="0.108" /><testcase classname="tests.test_iter6.TestToolsGatingBackend" name="test_supporters_emails_endpoint" time="0.136" /><testcase classname="tests.test_restock.TestRestockSubscriptionsList" name="test_unauth_401" time="0.104" /><testcase classname="tests.test_iter5.TestRestockStats" name="test_stats_requires_auth" time="0.121" /><testcase classname="tests.test_restock.TestRestockSubscriptionsList" name="test_auth_returns_list" time="0.128" /><testcase classname="tests.test_iter5.TestRestockStats" name="test_stats_returns_material_breakdown" time="0.268" /><testcase classname="tests.test_supporter_emails.TestSupporterEmails" name="test_shape" time="0.112" /><testcase classname="tests.test_supporter_emails.TestSupporterEmails" name="test_seeded_email_via_webhook" time="0.739" /><testcase classname="tests.test_bulk.TestBulkTemplate" name="test_template_csv" time="0.303" /><testcase classname="tests.test_iter2.TestQuoteConfig" name="test_config" time="0.100" /><testcase classname="tests.test_iter5.TestExternalSearch" name="test_voronoi_returns_18_sources" time="0.136" /><testcase classname="tests.test_iter5.TestProductsArchive" name="test_default_hides_archived" time="0.309" /><testcase classname="tests.test_iter2.TestProductsEnriched" name="test_products_have_new_fields" time="0.151" /><testcase classname="tests.test_iter2.TestChatLanguages" name="test_supported_langs" time="0.120" /><testcase classname="tests.test_iter5.TestOrderCheckoutAuthed" name="test_authed_sets_user_id" time="0.513" /><testcase classname="tests.test_iter5.TestSupporterEmails" name="test_returns_lowercased_list" time="0.120" /></testsuite></testsuites>