<?xml version="1.0" encoding="utf-8"?><testsuites name="pytest tests"><testsuite name="pytest" errors="0" failures="0" skipped="0" tests="20" time="9.427" timestamp="2026-07-30T15:30:16.148149+00:00" hostname="agent-env-295a0812-56cc-46af-9a29-85c1f14f34ef"><testcase classname="tests.test_iter2.TestChatMessages" name="test_empty_400" time="0.344" /><testcase classname="tests.test_iter2.TestQuote" name="test_quote_hi_pla" time="2.280" /><testcase classname="tests.test_iter2.TestChatMessages" name="test_send_spanish" time="4.874" /><testcase classname="tests.test_iter2.TestQuote" name="test_quality_scaling" time="0.267" /><testcase classname="tests.test_iter2.TestQuote" name="test_nozzle_scaling" time="0.276" /><testcase classname="tests.test_iter2.TestQuote" name="test_color_scaling" time="0.300" /><testcase classname="tests.test_iter2.TestQuote" name="test_bulk_discount" time="0.473" /><testcase classname="tests.test_iter2.TestQuote" name="test_unknown_product_404" time="0.120" /><testcase classname="tests.test_iter2.TestQuote" name="test_no_product_weight_only" time="0.125" /><testcase classname="tests.test_iter2.TestRegressions" name="test_products_list" time="0.137" /><testcase classname="tests.test_iter2.TestRegressions" name="test_search_external" time="0.117" /><testcase classname="tests.test_iter2.TestRegressions" name="test_wishlist_toggle" time="0.329" /><testcase classname="tests.test_iter2.TestRegressions" name="test_create_order_no_file" time="0.157" /><testcase classname="tests.test_iter2.TestQuoteConfig" name="test_config" time="0.114" /><testcase classname="tests.test_iter2.TestProductsEnriched" name="test_products_have_new_fields" time="0.138" /><testcase classname="tests.test_iter2.TestChatLanguages" name="test_supported_langs" time="0.163" /><testcase classname="tests.test_iter2.TestChatMessages" name="test_send_english" time="3.263" /><testcase classname="tests.test_iter2.TestChatMessages" name="test_history" time="0.224" /><testcase classname="tests.test_iter2.TestChatMessages" name="test_history_since" time="0.117" /><testcase classname="tests.test_iter2.TestChatMessages" name="test_rooms_forbidden" time="0.119" /></testsuite></testsuites>