<?xml version="1.0" encoding="utf-8"?><testsuites name="pytest tests"><testsuite name="pytest" errors="0" failures="0" skipped="14" tests="90" time="17.051" timestamp="2026-07-30T19:34:43.845544+00:00" hostname="agent-env-295a0812-56cc-46af-9a29-85c1f14f34ef"><testcase classname="tests.test_donations.TestRegressions" name="test_products" time="1.512" /><testcase classname="tests.test_donations.TestRegressions" name="test_categories" time="0.124" /><testcase classname="tests.test_iter2.TestQuote" name="test_quote_hi_pla" time="1.690" /><testcase classname="tests.test_donations.TestRegressions" name="test_shipping_quotes" time="0.132" /><testcase classname="tests.test_iter2.TestQuote" name="test_quality_scaling" time="0.246" /><testcase classname="tests.test_donations.TestRegressions" name="test_filament_stock" time="0.121" /><testcase classname="tests.test_donations.TestRegressions" name="test_filament_store_link" time="0.115" /><testcase classname="tests.test_iter2.TestQuote" name="test_nozzle_scaling" time="0.217" /><testcase classname="tests.test_donations.TestRegressions" name="test_external_search_marketplace_wording" time="0.101" /><testcase classname="tests.test_iter2.TestChatMessages" name="test_empty_400" time="0.000"><skipped type="pytest.skip" message="No TEST_TOKEN">/app/backend/tests/test_iter2.py:122: No TEST_TOKEN</skipped></testcase><testcase classname="tests.test_iter2.TestChatMessages" name="test_send_spanish" time="0.000"><skipped type="pytest.skip" message="No TEST_TOKEN">/app/backend/tests/test_iter2.py:126: No TEST_TOKEN</skipped></testcase><testcase classname="tests.test_iter2.TestChatMessages" name="test_send_english" time="0.000"><skipped type="pytest.skip" message="No TEST_TOKEN">/app/backend/tests/test_iter2.py:140: No TEST_TOKEN</skipped></testcase><testcase classname="tests.test_iter2.TestChatMessages" name="test_history" time="0.000"><skipped type="pytest.skip" message="No TEST_TOKEN">/app/backend/tests/test_iter2.py:150: No TEST_TOKEN</skipped></testcase><testcase classname="tests.test_iter2.TestChatMessages" name="test_history_since" time="0.000"><skipped type="pytest.skip" message="No TEST_TOKEN">/app/backend/tests/test_iter2.py:158: No TEST_TOKEN</skipped></testcase><testcase classname="tests.test_iter2.TestChatMessages" name="test_rooms_forbidden" time="0.000"><skipped type="pytest.skip" message="No TEST_TOKEN">/app/backend/tests/test_iter2.py:164: No TEST_TOKEN</skipped></testcase><testcase classname="tests.test_iter2.TestQuote" name="test_color_scaling" time="0.662" /><testcase classname="tests.test_iter5.TestOrderStatusUpdate" name="test_bad_status_400" time="0.808" /><testcase classname="tests.test_iter2.TestQuote" name="test_bulk_discount" time="0.366" /><testcase classname="tests.test_iter5.TestOrderStatusUpdate" name="test_unknown_order_404" time="0.110" /><testcase classname="tests.test_iter5.TestOrderStatusUpdate" name="test_requires_auth" time="0.117" /><testcase classname="tests.test_iter5.TestOrderStatusUpdate" name="test_timeline_grows_per_call" time="0.250" /><testcase classname="tests.test_iter2.TestQuote" name="test_unknown_product_404" time="0.229" /><testcase classname="tests.test_iter5.TestOrderStatusUpdate" name="test_shipped_inserts_receipt_queued" time="0.107" /><testcase classname="tests.test_iter2.TestQuote" name="test_no_product_weight_only" time="0.137" /><testcase classname="tests.test_iter5.TestOrderStatusUpdate" name="test_cancelled_accepted" time="0.657" /><testcase classname="tests.test_bulk.TestBulkImport" name="test_unauth_401" time="0.456" /><testcase classname="tests.test_bulk.TestBulkImport" name="test_bulk_import_ok" time="0.246" /><testcase classname="tests.test_iter5.TestOrderCheckoutFixed" name="test_fixed_uses_product_price" time="0.589" /><testcase classname="tests.test_bulk.TestBulkImport" name="test_invalid_category_row_reported" time="0.491" /><testcase classname="tests.test_bulk.TestBulkImport" name="test_missing_required_columns_400" time="0.466" /><testcase classname="tests.test_iter5.TestOrderCheckoutFixed" name="test_fixed_qty_2_multiplies" time="0.433" /><testcase classname="tests.test_iter5.TestOrderCheckoutFixed" name="test_quote_mode_recomputes" time="1.252" /><testcase classname="tests.test_bulk.TestBulkImport" name="test_non_csv_400" time="0.414" /><testcase classname="tests.test_donations.TestDonateCheckoutCustom" name="test_custom_valid_250" time="0.499" /><testcase classname="tests.test_donations.TestDonateCheckoutCustom" name="test_custom_below_min_50" time="0.319" /><testcase classname="tests.test_iter5.TestOrderCheckoutFixed" name="test_quote_mismatch_rejected" time="0.123" /><testcase classname="tests.test_donations.TestDonateCheckoutCustom" name="test_custom_above_max_60000" time="0.152" /><testcase classname="tests.test_iter5.TestOrderCheckoutFixed" name="test_bad_product_404" time="0.133" /><testcase classname="tests.test_donations.TestDonateCheckoutCustom" name="test_missing_all" time="0.099" /><testcase classname="tests.test_iter2.TestRegressions" name="test_products_list" time="0.112" /><testcase classname="tests.test_orders.TestOrdersCheckout" name="test_checkout_success" time="0.000"><skipped type="pytest.skip" message="Superseded by test_iter5.py after iter5 introduced server-verified quote — see /app/backend/tests/test_iter5.py">/app/backend/tests/test_orders.py:23: Superseded by test_iter5.py after iter5 introduced server-verified quote — see /app/backend/tests/test_iter5.py</skipped></testcase><testcase classname="tests.test_orders.TestOrdersCheckout" name="test_bad_product_404" time="0.000"><skipped type="pytest.skip" message="Superseded by test_iter5.py after iter5 introduced server-verified quote — see /app/backend/tests/test_iter5.py">/app/backend/tests/test_orders.py:57: Superseded by test_iter5.py after iter5 introduced server-verified quote — see /app/backend/tests/test_iter5.py</skipped></testcase><testcase classname="tests.test_orders.TestOrdersCheckout" name="test_zero_quote_400" time="0.000"><skipped type="pytest.skip" message="Superseded by test_iter5.py after iter5 introduced server-verified quote — see /app/backend/tests/test_iter5.py">/app/backend/tests/test_orders.py:66: Superseded by test_iter5.py after iter5 introduced server-verified quote — see /app/backend/tests/test_iter5.py</skipped></testcase><testcase classname="tests.test_orders.TestOrdersCheckout" name="test_negative_quote_400" time="0.000"><skipped type="pytest.skip" message="Superseded by test_iter5.py after iter5 introduced server-verified quote — see /app/backend/tests/test_iter5.py">/app/backend/tests/test_orders.py:75: Superseded by test_iter5.py after iter5 introduced server-verified quote — see /app/backend/tests/test_iter5.py</skipped></testcase><testcase classname="tests.test_restock.TestRestockSubscribe" name="test_subscribe_valid" time="0.113" /><testcase classname="tests.test_iter2.TestRegressions" name="test_search_external" time="0.102" /><testcase classname="tests.test_restock.TestRestockSubscribe" name="test_invalid_email" time="0.142" /><testcase classname="tests.test_iter2.TestRegressions" name="test_wishlist_toggle" time="0.000"><skipped type="pytest.skip" message="No TEST_TOKEN">/app/backend/tests/test_iter2.py:179: No TEST_TOKEN</skipped></testcase><testcase classname="tests.test_restock.TestRestockSubscribe" name="test_missing_material" time="0.112" /><testcase classname="tests.test_iter2.TestRegressions" name="test_create_order_no_file" time="0.261" /><testcase classname="tests.test_restock.TestRestockSubscribe" name="test_idempotent_upsert" time="0.598" /><testcase classname="tests.test_donations.TestDonateCheckoutPresets" name="test_preset[tip_3-300]" time="0.494" /><testcase classname="tests.test_donations.TestWebhookAndSupporters" name="test_webhook_marks_paid_and_writes_supporter" time="1.486" /><testcase classname="tests.test_donations.TestDonateCheckoutPresets" name="test_preset[tip_5-500]" time="0.722" /><testcase classname="tests.test_donations.TestDonateCheckoutPresets" name="test_preset[tip_10-1000]" time="0.362" /><testcase classname="tests.test_iter5.TestShippingCarriers" name="test_28_carriers_returned" time="0.144" /><testcase classname="tests.test_iter5.TestShippingCarriers" name="test_carrier_codes_spot_check" time="0.152" /><testcase classname="tests.test_iter5.TestShippingCarriers" name="test_carrier_shape" time="0.116" /><testcase classname="tests.test_donations.TestWebhookAndSupporters" name="test_webhook_idempotent" time="1.001" /><testcase classname="tests.test_iter5.TestBulkCSVAllActions" name="test_all_actions_flow" time="1.656" /><testcase classname="tests.test_donations.TestWebhookAndSupporters" name="test_anonymous_supporter_has_blank_name" time="0.780" /><testcase classname="tests.test_iter5.TestBulkCSVAllActions" name="test_template_contains_create_update_archive" time="0.127" /><testcase classname="tests.test_orders.TestOrderStatus" name="test_pending_after_create" time="0.000"><skipped type="pytest.skip" message="Superseded by test_iter5.py after iter5 introduced server-verified quote — see /app/backend/tests/test_iter5.py">/app/backend/tests/test_orders.py:86: Superseded by test_iter5.py after iter5 introduced server-verified quote — see /app/backend/tests/test_iter5.py</skipped></testcase><testcase classname="tests.test_orders.TestOrderStatus" name="test_unknown_404" time="0.000"><skipped type="pytest.skip" message="Superseded by test_iter5.py after iter5 introduced server-verified quote — see /app/backend/tests/test_iter5.py">/app/backend/tests/test_orders.py:103: Superseded by test_iter5.py after iter5 introduced server-verified quote — see /app/backend/tests/test_iter5.py</skipped></testcase><testcase classname="tests.test_orders.TestOrderStatus" name="test_webhook_flips_print_order_to_paid" time="0.000"><skipped type="pytest.skip" message="Superseded by test_iter5.py after iter5 introduced server-verified quote — see /app/backend/tests/test_iter5.py">/app/backend/tests/test_orders.py:107: Superseded by test_iter5.py after iter5 introduced server-verified quote — see /app/backend/tests/test_iter5.py</skipped></testcase><testcase classname="tests.test_donations.TestDonateStatus" name="test_unknown_404" time="0.108" /><testcase classname="tests.test_iter5.TestBulkCSVAllActions" name="test_bulk_requires_auth" time="0.192" /><testcase classname="tests.test_donations.TestDonateStatus" name="test_pending_after_create" time="0.754" /><testcase classname="tests.test_restock.TestRestockNotify" name="test_unauth_401" time="0.437" /><testcase classname="tests.test_restock.TestRestockNotify" name="test_notify_matches_and_queues" time="0.383" /><testcase classname="tests.test_iter5.TestListMyOrders" name="test_orders_requires_auth" time="0.100" /><testcase classname="tests.test_restock.TestRestockNotify" name="test_notify_empty_colours_matches_any" time="0.220" /><testcase classname="tests.test_iter5.TestListMyOrders" name="test_matches_user_id_and_customer_email" time="1.592" /><testcase classname="tests.test_iter5.TestReceiptsPipeline" name="test_donation_receipt_queued" time="1.183" /><testcase classname="tests.test_iter5.TestReceiptsPipeline" name="test_print_order_receipt_queued" time="0.905" /><testcase classname="tests.test_iter5.TestRestockStats" name="test_stats_requires_auth" time="0.461" /><testcase classname="tests.test_iter5.TestRestockStats" name="test_stats_returns_material_breakdown" time="0.270" /><testcase classname="tests.test_supporter_emails.TestSupporterEmails" name="test_shape" time="0.104" /><testcase classname="tests.test_restock.TestRestockSubscriptionsList" name="test_unauth_401" time="0.124" /><testcase classname="tests.test_supporter_emails.TestSupporterEmails" name="test_seeded_email_via_webhook" time="1.156" /><testcase classname="tests.test_restock.TestRestockSubscriptionsList" name="test_auth_returns_list" time="0.349" /><testcase classname="tests.test_donations.TestDonateAnonymousMetadata" name="test_no_name_becomes_anonymous" time="0.540" /><testcase classname="tests.test_iter2.TestProductsEnriched" name="test_products_have_new_fields" time="0.123" /><testcase classname="tests.test_iter2.TestChatLanguages" name="test_supported_langs" time="0.115" /><testcase classname="tests.test_bulk.TestBulkTemplate" name="test_template_csv" time="0.109" /><testcase classname="tests.test_iter5.TestExternalSearch" name="test_voronoi_returns_18_sources" time="0.101" /><testcase classname="tests.test_iter2.TestQuoteConfig" name="test_config" time="0.104" /><testcase classname="tests.test_iter5.TestProductsArchive" name="test_default_hides_archived" time="0.247" /><testcase classname="tests.test_iter5.TestOrderCheckoutAuthed" name="test_authed_sets_user_id" time="0.562" /><testcase classname="tests.test_iter5.TestSupporterEmails" name="test_returns_lowercased_list" time="0.388" /></testsuite></testsuites>